<?xml version="1.0" encoding="UTF-8"?>
<!-- Generated by org.testng.reporters.JUnitXMLReporter -->
<testsuite hostname="CDC2-D-519QS77" ignored="0" name="Default test" tests="3" failures="0" timestamp="12 Nov 2019 10:29:14 GMT" time="0.125" errors="0">
  <testcase name="test" time="0.03" classname="TestDemo_Assertion.TestDemo_Assert"/>
  <testcase name="test1" time="0.011" classname="TestDemo_Assertion.TestDemo_Assert"/>
  <testcase name="test2" time="0.003" classname="TestDemo_Assertion.TestDemo_Assert"/>
</testsuite> <!-- Default test -->
